<?xml version="1.0" encoding="UTF-8"?>
<!-- Generated by org.testng.reporters.JUnitReportReporter -->
<testsuite hostname="DESKTOP-4JRUH8O" failures="0" tests="1" name="App.Test.AppVali.NewTest" time="0.009" errors="0" timestamp="2023-10-10T21:46:14 IST" skipped="0">
  <testcase classname="App.Test.AppVali.NewTest" name="f" time="0.009"/>
  <system-out/>
</testsuite> <!-- App.Test.AppVali.NewTest -->
