<?xml version="1.0" encoding="UTF-8"?>
<!-- Generated by org.testng.reporters.JUnitReportReporter -->
<testsuite hostname="DESKTOP-4JRUH8O" failures="0" tests="3" name="App.Test.AppVali.TestPixel2" time="204.582" errors="0" timestamp="2023-10-12T21:16:20 IST" skipped="0">
  <testcase classname="App.Test.AppVali.TestPixel2" name="scrollToEnd" time="1.406"/>
  <system-out/>
  <testcase classname="App.Test.AppVali.TestPixel2" name="test_layout_animations_option_list" time="3.140"/>
  <system-out/>
  <testcase classname="App.Test.AppVali.TestPixel2" name="test_os_option" time="200.036"/>
  <system-out/>
</testsuite> <!-- App.Test.AppVali.TestPixel2 -->
